[18:47:54] [ServerMain/INFO]: [bootstrap] Running Java 21 (OpenJDK 64-Bit Server VM 21.0.5+11-Ubuntu-1ubuntu120.04; Ubuntu null) on Linux 6.5.0-1025-azure (amd64)
[18:47:54] [ServerMain/INFO]: [bootstrap] Loading Paper 1.21.3-63-master@4190ee7 (2024-11-25T18:59:19Z) for Minecraft 1.21.3
[18:47:54] [ServerMain/INFO]: [PluginInitializerManager] Initializing plugins...
[18:47:55] [ServerMain/INFO]: [PluginInitializerManager] Initialized 0 plugins
[18:48:01] [ServerMain/INFO]: Environment: Environment[sessionHost=https://sessionserver.mojang.com, servicesHost=https://api.minecraftservices.com, name=PROD]
[18:48:04] [ServerMain/INFO]: Loaded 1337 recipes
[18:48:04] [ServerMain/INFO]: Loaded 1448 advancements
[18:48:04] [Server thread/INFO]: Starting minecraft server version 1.21.3
[18:48:04] [Server thread/INFO]: Loading properties
[18:48:04] [Server thread/INFO]: This server is running Paper version 1.21.3-63-master@4190ee7 (2024-11-25T18:59:19Z) (Implementing API version 1.21.3-R0.1-SNAPSHOT)
[18:48:05] [Server thread/INFO]: [spark] This server bundles the spark profiler. For more information please visit https://docs.papermc.io/paper/profiling
[18:48:05] [Server thread/INFO]: Server Ping Player Sample Count: 12
[18:48:05] [Server thread/INFO]: Using 4 threads for Netty based IO
[18:48:07] [Server thread/INFO]: [MoonriseCommon] Paper is using 1 worker threads, 1 I/O threads
[18:48:07] [Server thread/INFO]: [ChunkTaskScheduler] Chunk system is using population gen parallelism: true
[18:48:07] [Server thread/INFO]: Default game type: SURVIVAL
[18:48:07] [Server thread/INFO]: Generating keypair
[18:48:07] [Server thread/INFO]: Starting Minecraft server on *:25565
[18:48:07] [Server thread/INFO]: Using epoll channel type
[18:48:07] [Server thread/INFO]: Paper: Using libdeflate (Linux x86_64) compression from Velocity.
[18:48:07] [Server thread/INFO]: Paper: Using OpenSSL 1.1.x (Linux x86_64) cipher from Velocity.
[18:48:07] [Server thread/INFO]: Server permissions file permissions.yml is empty, ignoring it
[18:48:07] [Server thread/WARN]: **** SERVER IS RUNNING IN OFFLINE/INSECURE MODE!
[18:48:07] [Server thread/WARN]: The server will make no attempt to authenticate usernames. Beware.
[18:48:07] [Server thread/WARN]: While this makes the game possible to play without internet access, it also opens up the ability for hackers to connect with any username they choose.
[18:48:07] [Server thread/WARN]: To change this, set "online-mode" to "true" in the server.properties file.
[18:48:07] [Server thread/INFO]: Preparing level "world"
[18:48:08] [Server thread/INFO]: Preparing start region for dimension minecraft:overworld
[18:48:09] [Server thread/INFO]: Preparing spawn area: 0%
[18:48:09] [Server thread/INFO]: Preparing spawn area: 0%
[18:48:10] [Server thread/INFO]: Preparing spawn area: 2%
[18:48:10] [Paper Common Worker #0/INFO]: [MCTypeRegistry] Initialising converters for DataConverter...
[18:48:10] [Paper Common Worker #0/INFO]: [MCTypeRegistry] Finished initialising converters for DataConverter in 477.3ms
[18:48:10] [Server thread/INFO]: Preparing spawn area: 2%
[18:48:11] [Server thread/INFO]: Preparing spawn area: 20%
[18:48:11] [Server thread/INFO]: Preparing spawn area: 20%
[18:48:11] [Server thread/INFO]: Time elapsed: 2726 ms
[18:48:11] [Server thread/INFO]: Preparing start region for dimension minecraft:the_nether
[18:48:11] [Server thread/INFO]: Preparing spawn area: 0%
[18:48:12] [Server thread/INFO]: Time elapsed: 473 ms
[18:48:12] [Server thread/INFO]: Preparing start region for dimension minecraft:the_end
[18:48:12] [Server thread/INFO]: Preparing spawn area: 0%
[18:48:12] [Server thread/INFO]: Time elapsed: 162 ms
[18:48:12] [Server thread/INFO]: [spark] Starting background profiler...
[18:48:12] [Server thread/INFO]: Done preparing level "world" (4.861s)
[18:48:12] [Server thread/INFO]: Running delayed init tasks
[18:48:12] [Server thread/INFO]: Done (19.593s)! For help, type "help"
